npm warn Unknown env config "python". This will stop working in the next major version of npm.
  • electron-builder  version=24.13.3 os=6.12.60
  • loaded configuration  file=package.json ("build" field)
  • packaging       platform=win32 arch=x64 electron=28.3.3 appOutDir=dist/win-unpacked
  • default Electron icon is used  reason=application icon is not set
  ⨯ wine is required, please see https://electron.build/multi-platform-build#linux  
  ⨯ /home/engine/project/node_modules/app-builder-bin/linux/x64/app-builder process failed ERR_ELECTRON_BUILDER_CANNOT_EXECUTE
Exit code:
1  failedTask=build stackTrace=Error: /home/engine/project/node_modules/app-builder-bin/linux/x64/app-builder process failed ERR_ELECTRON_BUILDER_CANNOT_EXECUTE
Exit code:
1
    at ChildProcess.<anonymous> (/home/engine/project/node_modules/builder-util/src/util.ts:252:14)
    at Object.onceWrapper (node:events:639:26)
    at ChildProcess.emit (node:events:524:28)
    at maybeClose (node:internal/child_process:1104:16)
    at Process.ChildProcess._handle.onexit (node:internal/child_process:304:5)
From previous event:
    at processImmediate (node:internal/timers:483:21)
From previous event:
    at WinPackager.signApp (/home/engine/project/node_modules/app-builder-lib/src/winPackager.ts:384:27)
    at WinPackager.doSignAfterPack (/home/engine/project/node_modules/app-builder-lib/src/platformPackager.ts:336:32)
    at WinPackager.doPack (/home/engine/project/node_modules/app-builder-lib/src/platformPackager.ts:321:7)
    at WinPackager.pack (/home/engine/project/node_modules/app-builder-lib/src/platformPackager.ts:140:5)
    at Packager.doBuild (/home/engine/project/node_modules/app-builder-lib/src/packager.ts:445:9)
    at executeFinally (/home/engine/project/node_modules/builder-util/src/promise.ts:12:14)
    at Packager._build (/home/engine/project/node_modules/app-builder-lib/src/packager.ts:379:31)
    at Packager.build (/home/engine/project/node_modules/app-builder-lib/src/packager.ts:340:12)
    at executeFinally (/home/engine/project/node_modules/builder-util/src/promise.ts:12:14)
